<?xml version="1.0" encoding="UTF-8"?>
<testsuite xmlns:xsi="http://www.w3.org/2001/XMLSchema-instance" xsi:noNamespaceSchemaLocation="https://maven.apache.org/surefire/maven-surefire-plugin/xsd/surefire-test-report-3.0.xsd" version="3.0" name="com.udacity.catpoint.service.SecurityRepositoryTest" time="0.074" tests="4" errors="0" skipped="0" failures="0">
  <properties>
[...]
</properties>
  <testcase name="validate_AnySensorsActivated_IsFalse" classname="com.udacity.catpoint.service.SecurityRepositoryTest" time="0.037"/>
  <testcase name="validate_AnySensorsActivated_IsTrue" classname="com.udacity.catpoint.service.SecurityRepositoryTest" time="0.01"/>
  <testcase name="validate_SysArmed_AnySensorActivated_IsFalse(ArmingStatus)[1]" classname="com.udacity.catpoint.service.SecurityRepositoryTest" time="0.008"/>
  <testcase name="validate_SysArmed_AnySensorActivated_IsFalse(ArmingStatus)[2]" classname="com.udacity.catpoint.service.SecurityRepositoryTest" time="0.001"/>
</testsuite>